Operating system: Microsoft Windows NT 6.2.9200.0
Opening INI file "C:\Users\bryce\Documents\GitHub\dgs1ghm\SonLVL Updater (1)\SonPLN\SonPLN.ini"...
Opening INI file "C:\Users\bryce\Documents\GitHub\dgs1ghm\SonPLN.ini"...
Game type is S1.
Loading CharSelect...
Loading plane mappings from file "mapeni/charsel.bin", using compression Enigma...
Loading 8x8 tiles from file "artnem/charsel.bin", using compression Nemesis...
Mappings data size does not match given width/height. Expected: 2400 (40x30*2) Actual: 2240.
Loading palette file "pallet/sonic.bin"...
Source: 1 Destination: 0 Length: 16
Load completed.
Loading CharSelect...
Loading 8x8 tiles from file "artnem/charsel.bin", using compression Nemesis...
Loading palette file "pallet/sonic.bin"...
Source: 1 Destination: 0 Length: 16
Loading plane mappings from file "mapeni/charsel.bin", using compression Enigma...
Mappings data size does not match given width/height. Expected: 2400 (40x30*2) Actual: 2240.
Load completed.
Loading CharSelect...
Loading 8x8 tiles from file "artnem/charsel.bin", using compression Nemesis...
Loading plane mappings from file "mapeni/charsel.bin", using compression Enigma...
Loading palette file "pallet/sonic.bin"...
Source: 1 Destination: 0 Length: 16
Mappings data size does not match given width/height. Expected: 2400 (40x30*2) Actual: 2240.
Load completed.
Loading Title Screen Logo...
Loading dummy tile data.
Loading 8x8 tiles from file "artnem/titlefor.bin", using compression Nemesis...
Loading plane mappings from file "mapeni/titlescr.bin", using compression Enigma...
Loading palette file "pallet/title.bin"...
Source: 0 Destination: 0 Length: 16
Load completed.
Loading SEGA Logo...
Loading 8x8 tiles from file "artnem/segalogo.bin", using compression Nemesis...
Loading palette file "pallet/sega2.bin"...
Source: 16 Destination: 0 Length: 64
Loading plane mappings from file "mapeni/segalogo.bin", using compression Enigma...
Load completed.
Loading Japanese Credits...
Loading 8x8 tiles from file "artnem/japcreds.bin", using compression Nemesis...
Loading plane mappings from file "mapeni/japcreds.bin", using compression Enigma...
Mappings data size does not match given width/height. Expected: 2400 (40x30*2) Actual: 2240.
Loading palette file "pallet/sonic.bin"...
Source: 1 Destination: 0 Length: 16
Load completed.
Loading Special Stage Background 1...
Loading 8x8 tiles from file "artnem/ssbg1.bin", using compression Nemesis...
Loading plane mappings from file "mapeni/ssbg1.bin", using compression Enigma...
Loading palette file "pallet/special.bin"...
Source: 32 Destination: 0 Length: 64
Load completed.
System.NullReferenceException: Object reference not set to an instance of an object.
   at SonicRetro.SonLVL.PatternIndexSearchControl.UpdateStuff() in E:\Programs\SonLVL\SonPLN\PatternIndexSearchControl.cs:line 22
   at SonicRetro.SonLVL.ReplaceTilesDialog.ReplaceBlockTilesDialog_VisibleChanged(Object sender, EventArgs e) in E:\Programs\SonLVL\SonPLN\ReplaceTilesDialog.cs:line 17
   at System.Windows.Forms.Control.OnVisibleChanged(EventArgs e)
   at System.Windows.Forms.ScrollableControl.OnVisibleChanged(EventArgs e)
   at System.Windows.Forms.Form.OnVisibleChanged(EventArgs e)
   at System.Windows.Forms.Control.WmShowWindow(Message& m)
   at System.Windows.Forms.Control.WndProc(Message& m)
   at System.Windows.Forms.ScrollableControl.WndProc(Message& m)
   at System.Windows.Forms.Form.WmShowWindow(Message& m)
   at System.Windows.Forms.Form.WndProc(Message& m)
   at System.Windows.Forms.Control.ControlNativeWindow.OnMessage(Message& m)
   at System.Windows.Forms.Control.ControlNativeWindow.WndProc(Message& m)
   at System.Windows.Forms.NativeWindow.Callback(IntPtr hWnd, Int32 msg, IntPtr wparam, IntPtr lparam)
